2026-02-26 15:25:48 [ERR] [Development] [TraceId:] The key {4bb26eb6-9ccf-40eb-87ca-6caa041be2ca} was not found in the key ring. For more information go to https://aka.ms/aspnet/dataprotectionwarning
System.Security.Cryptography.CryptographicException: The key {4bb26eb6-9ccf-40eb-87ca-6caa041be2ca} was not found in the key ring. For more information go to https://aka.ms/aspnet/dataprotectionwarning
   at Microsoft.AspNetCore.DataProtection.KeyManagement.KeyRingBasedDataProtector.UnprotectCore(Byte[] protectedData, Boolean allowOperationsOnRevokedKeys, UnprotectStatus& status)
   at Microsoft.AspNetCore.DataProtection.KeyManagement.KeyRingBasedDataProtector.Unprotect(Byte[] protectedData)
   at Microsoft.AspNetCore.DataProtection.DataProtectionCommonExtensions.Unprotect(IDataProtector protector, String protectedData)
   at Customer.Application.Services.EncryptionService.Decrypt(String cipherText) in C:\LoanApplication-Backend (2)\LoanApplication-Backend\Customer Service\Costomer.Application\Services\EncryptionService.cs:line 27
   at Customer.Application.Services.CustomerService.GetCustomerAsync() in C:\LoanApplication-Backend (2)\LoanApplication-Backend\Customer Service\Costomer.Application\Services\CustomerService.cs:line 53
   at Customer_Service.Controllers.CustomerController.getAllcustomer() in C:\LoanApplication-Backend (2)\LoanApplication-Backend\Customer Service\Customer Service\Controllers\CustomerController.cs:line 61
   at Microsoft.AspNetCore.Mvc.Infrastructure.ActionMethodExecutor.TaskOfIActionResultExecutor.Execute(ActionContext actionContext, IActionResultTypeMapper mapper, ObjectMethodExecutor executor, Object controller, Object[] arguments)
   at Microsoft.AspNetCore.Mvc.Infrastructure.ControllerActionInvoker.<InvokeActionMethodAsync>g__Awaited|12_0(ControllerActionInvoker invoker, ValueTask`1 actionResultValueTask)
   at Microsoft.AspNetCore.Mvc.Infrastructure.ControllerActionInvoker.<InvokeNextActionFilterAsync>g__Awaited|10_0(ControllerActionInvoker invoker, Task lastTask, State next, Scope scope, Object state, Boolean isCompleted)
   at Microsoft.AspNetCore.Mvc.Infrastructure.ControllerActionInvoker.Rethrow(ActionExecutedContextSealed context)
   at Microsoft.AspNetCore.Mvc.Infrastructure.ControllerActionInvoker.Next(State& next, Scope& scope, Object& state, Boolean& isCompleted)
   at Microsoft.AspNetCore.Mvc.Infrastructure.ControllerActionInvoker.<InvokeInnerFilterAsync>g__Awaited|13_0(ControllerActionInvoker invoker, Task lastTask, State next, Scope scope, Object state, Boolean isCompleted)
   at Microsoft.AspNetCore.Mvc.Infrastructure.ResourceInvoker.<InvokeFilterPipelineAsync>g__Awaited|20_0(ResourceInvoker invoker, Task lastTask, State next, Scope scope, Object state, Boolean isCompleted)
   at Microsoft.AspNetCore.Mvc.Infrastructure.ResourceInvoker.<InvokeAsync>g__Awaited|17_0(ResourceInvoker invoker, Task task, IDisposable scope)
   at Microsoft.AspNetCore.Mvc.Infrastructure.ResourceInvoker.<InvokeAsync>g__Awaited|17_0(ResourceInvoker invoker, Task task, IDisposable scope)
   at Microsoft.AspNetCore.Authorization.AuthorizationMiddleware.Invoke(HttpContext context)
   at Customer_Service.Middleware.ExceptionMiddleware.Invoke(HttpContext context) in C:\LoanApplication-Backend (2)\LoanApplication-Backend\Customer Service\Customer Service\Middleware\ExceptionMiddleware.cs:line 25
2026-02-26 15:25:48 [ERR] [Development] [TraceId:] HTTP GET /api/Customer responded 500 in 2542.3252 ms
2026-02-26 15:40:52 [WRN] [Development] [TraceId:] No XML encryptor configured. Key {8c338847-a30f-4a8f-9ba5-689659a7ab11} may be persisted to storage in unencrypted form.
2026-02-26 15:42:20 [ERR] [Development] [TraceId:] User not found
Customer.Application.Exceptions.NotFoundException: User not found
   at Customer.Application.Dto.User.UserClient.GetByEmail(String Email) in C:\LoanApplication-Backend (2)\LoanApplication-Backend\Customer Service\Costomer.Application\Dto\User\UserClient.cs:line 34
   at Customer.Application.Services.CustomerService.AddCustomerAsync(CustomerDto dto) in C:\LoanApplication-Backend (2)\LoanApplication-Backend\Customer Service\Costomer.Application\Services\CustomerService.cs:line 31
   at Customer_Service.Controllers.CustomerController.AddCustomer(CustomerDto dto) in C:\LoanApplication-Backend (2)\LoanApplication-Backend\Customer Service\Customer Service\Controllers\CustomerController.cs:line 22
   at Microsoft.AspNetCore.Mvc.Infrastructure.ActionMethodExecutor.TaskOfIActionResultExecutor.Execute(ActionContext actionContext, IActionResultTypeMapper mapper, ObjectMethodExecutor executor, Object controller, Object[] arguments)
   at Microsoft.AspNetCore.Mvc.Infrastructure.ControllerActionInvoker.<InvokeActionMethodAsync>g__Awaited|12_0(ControllerActionInvoker invoker, ValueTask`1 actionResultValueTask)
   at Microsoft.AspNetCore.Mvc.Infrastructure.ControllerActionInvoker.<InvokeNextActionFilterAsync>g__Awaited|10_0(ControllerActionInvoker invoker, Task lastTask, State next, Scope scope, Object state, Boolean isCompleted)
   at Microsoft.AspNetCore.Mvc.Infrastructure.ControllerActionInvoker.Rethrow(ActionExecutedContextSealed context)
   at Microsoft.AspNetCore.Mvc.Infrastructure.ControllerActionInvoker.Next(State& next, Scope& scope, Object& state, Boolean& isCompleted)
   at Microsoft.AspNetCore.Mvc.Infrastructure.ControllerActionInvoker.<InvokeInnerFilterAsync>g__Awaited|13_0(ControllerActionInvoker invoker, Task lastTask, State next, Scope scope, Object state, Boolean isCompleted)
   at Microsoft.AspNetCore.Mvc.Infrastructure.ResourceInvoker.<InvokeFilterPipelineAsync>g__Awaited|20_0(ResourceInvoker invoker, Task lastTask, State next, Scope scope, Object state, Boolean isCompleted)
   at Microsoft.AspNetCore.Mvc.Infrastructure.ResourceInvoker.<InvokeAsync>g__Awaited|17_0(ResourceInvoker invoker, Task task, IDisposable scope)
   at Microsoft.AspNetCore.Mvc.Infrastructure.ResourceInvoker.<InvokeAsync>g__Awaited|17_0(ResourceInvoker invoker, Task task, IDisposable scope)
   at Microsoft.AspNetCore.Authorization.AuthorizationMiddleware.Invoke(HttpContext context)
   at Customer_Service.Middleware.ExceptionMiddleware.Invoke(HttpContext context) in C:\LoanApplication-Backend (2)\LoanApplication-Backend\Customer Service\Customer Service\Middleware\ExceptionMiddleware.cs:line 25
2026-02-26 15:42:20 [INF] [Development] [TraceId:] HTTP POST /api/Customer responded 404 in 2046.1551 ms
2026-02-26 15:43:18 [ERR] [Development] [TraceId:] User not found
Customer.Application.Exceptions.NotFoundException: User not found
   at Customer.Application.Dto.User.UserClient.GetByEmail(String Email) in C:\LoanApplication-Backend (2)\LoanApplication-Backend\Customer Service\Costomer.Application\Dto\User\UserClient.cs:line 34
   at Customer.Application.Services.CustomerService.AddCustomerAsync(CustomerDto dto) in C:\LoanApplication-Backend (2)\LoanApplication-Backend\Customer Service\Costomer.Application\Services\CustomerService.cs:line 31
   at Customer_Service.Controllers.CustomerController.AddCustomer(CustomerDto dto) in C:\LoanApplication-Backend (2)\LoanApplication-Backend\Customer Service\Customer Service\Controllers\CustomerController.cs:line 22
   at Microsoft.AspNetCore.Mvc.Infrastructure.ActionMethodExecutor.TaskOfIActionResultExecutor.Execute(ActionContext actionContext, IActionResultTypeMapper mapper, ObjectMethodExecutor executor, Object controller, Object[] arguments)
   at Microsoft.AspNetCore.Mvc.Infrastructure.ControllerActionInvoker.<InvokeActionMethodAsync>g__Awaited|12_0(ControllerActionInvoker invoker, ValueTask`1 actionResultValueTask)
   at Microsoft.AspNetCore.Mvc.Infrastructure.ControllerActionInvoker.<InvokeNextActionFilterAsync>g__Awaited|10_0(ControllerActionInvoker invoker, Task lastTask, State next, Scope scope, Object state, Boolean isCompleted)
   at Microsoft.AspNetCore.Mvc.Infrastructure.ControllerActionInvoker.Rethrow(ActionExecutedContextSealed context)
   at Microsoft.AspNetCore.Mvc.Infrastructure.ControllerActionInvoker.Next(State& next, Scope& scope, Object& state, Boolean& isCompleted)
   at Microsoft.AspNetCore.Mvc.Infrastructure.ControllerActionInvoker.<InvokeInnerFilterAsync>g__Awaited|13_0(ControllerActionInvoker invoker, Task lastTask, State next, Scope scope, Object state, Boolean isCompleted)
   at Microsoft.AspNetCore.Mvc.Infrastructure.ResourceInvoker.<InvokeFilterPipelineAsync>g__Awaited|20_0(ResourceInvoker invoker, Task lastTask, State next, Scope scope, Object state, Boolean isCompleted)
   at Microsoft.AspNetCore.Mvc.Infrastructure.ResourceInvoker.<InvokeAsync>g__Awaited|17_0(ResourceInvoker invoker, Task task, IDisposable scope)
   at Microsoft.AspNetCore.Mvc.Infrastructure.ResourceInvoker.<InvokeAsync>g__Awaited|17_0(ResourceInvoker invoker, Task task, IDisposable scope)
   at Microsoft.AspNetCore.Authorization.AuthorizationMiddleware.Invoke(HttpContext context)
   at Customer_Service.Middleware.ExceptionMiddleware.Invoke(HttpContext context) in C:\LoanApplication-Backend (2)\LoanApplication-Backend\Customer Service\Customer Service\Middleware\ExceptionMiddleware.cs:line 25
2026-02-26 15:43:18 [INF] [Development] [TraceId:] HTTP POST /api/Customer responded 404 in 21484.1518 ms
2026-02-26 16:05:56 [ERR] [Development] [TraceId:] User not found
Customer.Application.Exceptions.NotFoundException: User not found
   at Customer.Application.Dto.User.UserClient.GetByEmail(String Email) in C:\LoanApplication-Backend (2)\LoanApplication-Backend\Customer Service\Costomer.Application\Dto\User\UserClient.cs:line 37
   at Customer.Application.Services.CustomerService.AddCustomerAsync(CustomerDto dto) in C:\LoanApplication-Backend (2)\LoanApplication-Backend\Customer Service\Costomer.Application\Services\CustomerService.cs:line 31
   at Customer_Service.Controllers.CustomerController.AddCustomer(CustomerDto dto) in C:\LoanApplication-Backend (2)\LoanApplication-Backend\Customer Service\Customer Service\Controllers\CustomerController.cs:line 22
   at Microsoft.AspNetCore.Mvc.Infrastructure.ActionMethodExecutor.TaskOfIActionResultExecutor.Execute(ActionContext actionContext, IActionResultTypeMapper mapper, ObjectMethodExecutor executor, Object controller, Object[] arguments)
   at Microsoft.AspNetCore.Mvc.Infrastructure.ControllerActionInvoker.<InvokeActionMethodAsync>g__Awaited|12_0(ControllerActionInvoker invoker, ValueTask`1 actionResultValueTask)
   at Microsoft.AspNetCore.Mvc.Infrastructure.ControllerActionInvoker.<InvokeNextActionFilterAsync>g__Awaited|10_0(ControllerActionInvoker invoker, Task lastTask, State next, Scope scope, Object state, Boolean isCompleted)
   at Microsoft.AspNetCore.Mvc.Infrastructure.ControllerActionInvoker.Rethrow(ActionExecutedContextSealed context)
   at Microsoft.AspNetCore.Mvc.Infrastructure.ControllerActionInvoker.Next(State& next, Scope& scope, Object& state, Boolean& isCompleted)
   at Microsoft.AspNetCore.Mvc.Infrastructure.ControllerActionInvoker.<InvokeInnerFilterAsync>g__Awaited|13_0(ControllerActionInvoker invoker, Task lastTask, State next, Scope scope, Object state, Boolean isCompleted)
   at Microsoft.AspNetCore.Mvc.Infrastructure.ResourceInvoker.<InvokeFilterPipelineAsync>g__Awaited|20_0(ResourceInvoker invoker, Task lastTask, State next, Scope scope, Object state, Boolean isCompleted)
   at Microsoft.AspNetCore.Mvc.Infrastructure.ResourceInvoker.<InvokeAsync>g__Awaited|17_0(ResourceInvoker invoker, Task task, IDisposable scope)
   at Microsoft.AspNetCore.Mvc.Infrastructure.ResourceInvoker.<InvokeAsync>g__Awaited|17_0(ResourceInvoker invoker, Task task, IDisposable scope)
   at Microsoft.AspNetCore.Authorization.AuthorizationMiddleware.Invoke(HttpContext context)
   at Customer_Service.Middleware.ExceptionMiddleware.Invoke(HttpContext context) in C:\LoanApplication-Backend (2)\LoanApplication-Backend\Customer Service\Customer Service\Middleware\ExceptionMiddleware.cs:line 25
2026-02-26 16:05:56 [INF] [Development] [TraceId:] HTTP POST /api/Customer responded 404 in 6331.3329 ms
2026-02-26 16:06:45 [ERR] [Development] [TraceId:] User not found
Customer.Application.Exceptions.NotFoundException: User not found
   at Customer.Application.Dto.User.UserClient.GetByEmail(String Email) in C:\LoanApplication-Backend (2)\LoanApplication-Backend\Customer Service\Costomer.Application\Dto\User\UserClient.cs:line 37
   at Customer.Application.Services.CustomerService.AddCustomerAsync(CustomerDto dto) in C:\LoanApplication-Backend (2)\LoanApplication-Backend\Customer Service\Costomer.Application\Services\CustomerService.cs:line 31
   at Customer_Service.Controllers.CustomerController.AddCustomer(CustomerDto dto) in C:\LoanApplication-Backend (2)\LoanApplication-Backend\Customer Service\Customer Service\Controllers\CustomerController.cs:line 22
   at Microsoft.AspNetCore.Mvc.Infrastructure.ActionMethodExecutor.TaskOfIActionResultExecutor.Execute(ActionContext actionContext, IActionResultTypeMapper mapper, ObjectMethodExecutor executor, Object controller, Object[] arguments)
   at Microsoft.AspNetCore.Mvc.Infrastructure.ControllerActionInvoker.<InvokeActionMethodAsync>g__Awaited|12_0(ControllerActionInvoker invoker, ValueTask`1 actionResultValueTask)
   at Microsoft.AspNetCore.Mvc.Infrastructure.ControllerActionInvoker.<InvokeNextActionFilterAsync>g__Awaited|10_0(ControllerActionInvoker invoker, Task lastTask, State next, Scope scope, Object state, Boolean isCompleted)
   at Microsoft.AspNetCore.Mvc.Infrastructure.ControllerActionInvoker.Rethrow(ActionExecutedContextSealed context)
   at Microsoft.AspNetCore.Mvc.Infrastructure.ControllerActionInvoker.Next(State& next, Scope& scope, Object& state, Boolean& isCompleted)
   at Microsoft.AspNetCore.Mvc.Infrastructure.ControllerActionInvoker.<InvokeInnerFilterAsync>g__Awaited|13_0(ControllerActionInvoker invoker, Task lastTask, State next, Scope scope, Object state, Boolean isCompleted)
   at Microsoft.AspNetCore.Mvc.Infrastructure.ResourceInvoker.<InvokeFilterPipelineAsync>g__Awaited|20_0(ResourceInvoker invoker, Task lastTask, State next, Scope scope, Object state, Boolean isCompleted)
   at Microsoft.AspNetCore.Mvc.Infrastructure.ResourceInvoker.<InvokeAsync>g__Awaited|17_0(ResourceInvoker invoker, Task task, IDisposable scope)
   at Microsoft.AspNetCore.Mvc.Infrastructure.ResourceInvoker.<InvokeAsync>g__Awaited|17_0(ResourceInvoker invoker, Task task, IDisposable scope)
   at Microsoft.AspNetCore.Authorization.AuthorizationMiddleware.Invoke(HttpContext context)
   at Customer_Service.Middleware.ExceptionMiddleware.Invoke(HttpContext context) in C:\LoanApplication-Backend (2)\LoanApplication-Backend\Customer Service\Customer Service\Middleware\ExceptionMiddleware.cs:line 25
2026-02-26 16:06:45 [INF] [Development] [TraceId:] HTTP POST /api/Customer responded 404 in 38670.6872 ms
2026-02-26 16:21:58 [ERR] [Development] [TraceId:] The input does not contain any JSON tokens. Expected the input to start with a valid JSON token, when isFinalBlock is true. Path: $ | LineNumber: 0 | BytePositionInLine: 0.
System.Text.Json.JsonException: The input does not contain any JSON tokens. Expected the input to start with a valid JSON token, when isFinalBlock is true. Path: $ | LineNumber: 0 | BytePositionInLine: 0.
 ---> System.Text.Json.JsonReaderException: The input does not contain any JSON tokens. Expected the input to start with a valid JSON token, when isFinalBlock is true. LineNumber: 0 | BytePositionInLine: 0.
   at System.Text.Json.ThrowHelper.ThrowJsonReaderException(Utf8JsonReader& json, ExceptionResource resource, Byte nextByte, ReadOnlySpan`1 bytes)
   at System.Text.Json.Utf8JsonReader.Read()
   at System.Text.Json.Serialization.JsonConverter`1.ReadCore(Utf8JsonReader& reader, T& value, JsonSerializerOptions options, ReadStack& state)
   --- End of inner exception stack trace ---
   at System.Text.Json.ThrowHelper.ReThrowWithPath(ReadStack& state, JsonReaderException ex)
   at System.Text.Json.Serialization.JsonConverter`1.ReadCore(Utf8JsonReader& reader, T& value, JsonSerializerOptions options, ReadStack& state)
   at System.Text.Json.Serialization.Metadata.JsonTypeInfo`1.Deserialize(Utf8JsonReader& reader, ReadStack& state)
   at System.Text.Json.JsonSerializer.ReadFromSpan[TValue](ReadOnlySpan`1 utf8Json, JsonTypeInfo`1 jsonTypeInfo, Nullable`1 actualByteCount)
   at System.Text.Json.JsonSerializer.ReadFromSpan[TValue](ReadOnlySpan`1 json, JsonTypeInfo`1 jsonTypeInfo)
   at System.Text.Json.JsonSerializer.Deserialize[TValue](String json, JsonSerializerOptions options)
   at Customer.Application.Dto.User.UserClient.GetByEmail(String Email) in C:\LoanApplication-Backend (2)\LoanApplication-Backend\Customer Service\Costomer.Application\Dto\User\UserClient.cs:line 32
   at Customer.Application.Services.CustomerService.AddCustomerAsync(CustomerDto dto) in C:\LoanApplication-Backend (2)\LoanApplication-Backend\Customer Service\Costomer.Application\Services\CustomerService.cs:line 31
   at Customer_Service.Controllers.CustomerController.AddCustomer(CustomerDto dto) in C:\LoanApplication-Backend (2)\LoanApplication-Backend\Customer Service\Customer Service\Controllers\CustomerController.cs:line 22
   at Microsoft.AspNetCore.Mvc.Infrastructure.ActionMethodExecutor.TaskOfIActionResultExecutor.Execute(ActionContext actionContext, IActionResultTypeMapper mapper, ObjectMethodExecutor executor, Object controller, Object[] arguments)
   at Microsoft.AspNetCore.Mvc.Infrastructure.ControllerActionInvoker.<InvokeActionMethodAsync>g__Awaited|12_0(ControllerActionInvoker invoker, ValueTask`1 actionResultValueTask)
   at Microsoft.AspNetCore.Mvc.Infrastructure.ControllerActionInvoker.<InvokeNextActionFilterAsync>g__Awaited|10_0(ControllerActionInvoker invoker, Task lastTask, State next, Scope scope, Object state, Boolean isCompleted)
   at Microsoft.AspNetCore.Mvc.Infrastructure.ControllerActionInvoker.Rethrow(ActionExecutedContextSealed context)
   at Microsoft.AspNetCore.Mvc.Infrastructure.ControllerActionInvoker.Next(State& next, Scope& scope, Object& state, Boolean& isCompleted)
   at Microsoft.AspNetCore.Mvc.Infrastructure.ControllerActionInvoker.<InvokeInnerFilterAsync>g__Awaited|13_0(ControllerActionInvoker invoker, Task lastTask, State next, Scope scope, Object state, Boolean isCompleted)
   at Microsoft.AspNetCore.Mvc.Infrastructure.ResourceInvoker.<InvokeFilterPipelineAsync>g__Awaited|20_0(ResourceInvoker invoker, Task lastTask, State next, Scope scope, Object state, Boolean isCompleted)
   at Microsoft.AspNetCore.Mvc.Infrastructure.ResourceInvoker.<InvokeAsync>g__Awaited|17_0(ResourceInvoker invoker, Task task, IDisposable scope)
   at Microsoft.AspNetCore.Mvc.Infrastructure.ResourceInvoker.<InvokeAsync>g__Awaited|17_0(ResourceInvoker invoker, Task task, IDisposable scope)
   at Microsoft.AspNetCore.Authorization.AuthorizationMiddleware.Invoke(HttpContext context)
   at Customer_Service.Middleware.ExceptionMiddleware.Invoke(HttpContext context) in C:\LoanApplication-Backend (2)\LoanApplication-Backend\Customer Service\Customer Service\Middleware\ExceptionMiddleware.cs:line 25
2026-02-26 16:21:58 [ERR] [Development] [TraceId:] HTTP POST /api/Customer responded 500 in 4548.7219 ms
2026-02-26 16:30:43 [ERR] [Development] [TraceId:] Response status code does not indicate success: 400 (Bad Request).
System.Net.Http.HttpRequestException: Response status code does not indicate success: 400 (Bad Request).
   at System.Net.Http.HttpResponseMessage.EnsureSuccessStatusCode()
   at System.Net.Http.Json.HttpClientJsonExtensions.<FromJsonAsyncCore>g__Core|12_0[TValue,TJsonOptions](HttpClient client, Task`1 responseTask, Boolean usingResponseHeadersRead, CancellationTokenSource linkedCTS, Func`4 deserializeMethod, TJsonOptions jsonOptions, CancellationToken cancellationToken)
   at Customer.Application.Dto.User.UserClient.GetByEmail(String Email) in C:\LoanApplication-Backend (2)\LoanApplication-Backend\Customer Service\Costomer.Application\Dto\User\UserClient.cs:line 24
   at Customer.Application.Services.CustomerService.AddCustomerAsync(CustomerDto dto) in C:\LoanApplication-Backend (2)\LoanApplication-Backend\Customer Service\Costomer.Application\Services\CustomerService.cs:line 31
   at Customer_Service.Controllers.CustomerController.AddCustomer(CustomerDto dto) in C:\LoanApplication-Backend (2)\LoanApplication-Backend\Customer Service\Customer Service\Controllers\CustomerController.cs:line 22
   at Microsoft.AspNetCore.Mvc.Infrastructure.ActionMethodExecutor.TaskOfIActionResultExecutor.Execute(ActionContext actionContext, IActionResultTypeMapper mapper, ObjectMethodExecutor executor, Object controller, Object[] arguments)
   at Microsoft.AspNetCore.Mvc.Infrastructure.ControllerActionInvoker.<InvokeActionMethodAsync>g__Awaited|12_0(ControllerActionInvoker invoker, ValueTask`1 actionResultValueTask)
   at Microsoft.AspNetCore.Mvc.Infrastructure.ControllerActionInvoker.<InvokeNextActionFilterAsync>g__Awaited|10_0(ControllerActionInvoker invoker, Task lastTask, State next, Scope scope, Object state, Boolean isCompleted)
   at Microsoft.AspNetCore.Mvc.Infrastructure.ControllerActionInvoker.Rethrow(ActionExecutedContextSealed context)
   at Microsoft.AspNetCore.Mvc.Infrastructure.ControllerActionInvoker.Next(State& next, Scope& scope, Object& state, Boolean& isCompleted)
   at Microsoft.AspNetCore.Mvc.Infrastructure.ControllerActionInvoker.<InvokeInnerFilterAsync>g__Awaited|13_0(ControllerActionInvoker invoker, Task lastTask, State next, Scope scope, Object state, Boolean isCompleted)
   at Microsoft.AspNetCore.Mvc.Infrastructure.ResourceInvoker.<InvokeFilterPipelineAsync>g__Awaited|20_0(ResourceInvoker invoker, Task lastTask, State next, Scope scope, Object state, Boolean isCompleted)
   at Microsoft.AspNetCore.Mvc.Infrastructure.ResourceInvoker.<InvokeAsync>g__Awaited|17_0(ResourceInvoker invoker, Task task, IDisposable scope)
   at Microsoft.AspNetCore.Mvc.Infrastructure.ResourceInvoker.<InvokeAsync>g__Awaited|17_0(ResourceInvoker invoker, Task task, IDisposable scope)
   at Microsoft.AspNetCore.Authorization.AuthorizationMiddleware.Invoke(HttpContext context)
   at Customer_Service.Middleware.ExceptionMiddleware.Invoke(HttpContext context) in C:\LoanApplication-Backend (2)\LoanApplication-Backend\Customer Service\Customer Service\Middleware\ExceptionMiddleware.cs:line 25
2026-02-26 16:30:43 [ERR] [Development] [TraceId:] HTTP POST /api/Customer responded 500 in 4288.1409 ms
2026-02-26 16:35:45 [ERR] [Development] [TraceId:] User not found
Customer.Application.Exceptions.NotFoundException: User not found
   at Customer.Application.Dto.User.UserClient.GetByEmail(String Email) in C:\LoanApplication-Backend (2)\LoanApplication-Backend\Customer Service\Costomer.Application\Dto\User\UserClient.cs:line 28
   at Customer.Application.Services.CustomerService.AddCustomerAsync(CustomerDto dto) in C:\LoanApplication-Backend (2)\LoanApplication-Backend\Customer Service\Costomer.Application\Services\CustomerService.cs:line 31
   at Customer_Service.Controllers.CustomerController.AddCustomer(CustomerDto dto) in C:\LoanApplication-Backend (2)\LoanApplication-Backend\Customer Service\Customer Service\Controllers\CustomerController.cs:line 22
   at Microsoft.AspNetCore.Mvc.Infrastructure.ActionMethodExecutor.TaskOfIActionResultExecutor.Execute(ActionContext actionContext, IActionResultTypeMapper mapper, ObjectMethodExecutor executor, Object controller, Object[] arguments)
   at Microsoft.AspNetCore.Mvc.Infrastructure.ControllerActionInvoker.<InvokeActionMethodAsync>g__Awaited|12_0(ControllerActionInvoker invoker, ValueTask`1 actionResultValueTask)
   at Microsoft.AspNetCore.Mvc.Infrastructure.ControllerActionInvoker.<InvokeNextActionFilterAsync>g__Awaited|10_0(ControllerActionInvoker invoker, Task lastTask, State next, Scope scope, Object state, Boolean isCompleted)
   at Microsoft.AspNetCore.Mvc.Infrastructure.ControllerActionInvoker.Rethrow(ActionExecutedContextSealed context)
   at Microsoft.AspNetCore.Mvc.Infrastructure.ControllerActionInvoker.Next(State& next, Scope& scope, Object& state, Boolean& isCompleted)
   at Microsoft.AspNetCore.Mvc.Infrastructure.ControllerActionInvoker.<InvokeInnerFilterAsync>g__Awaited|13_0(ControllerActionInvoker invoker, Task lastTask, State next, Scope scope, Object state, Boolean isCompleted)
   at Microsoft.AspNetCore.Mvc.Infrastructure.ResourceInvoker.<InvokeFilterPipelineAsync>g__Awaited|20_0(ResourceInvoker invoker, Task lastTask, State next, Scope scope, Object state, Boolean isCompleted)
   at Microsoft.AspNetCore.Mvc.Infrastructure.ResourceInvoker.<InvokeAsync>g__Awaited|17_0(ResourceInvoker invoker, Task task, IDisposable scope)
   at Microsoft.AspNetCore.Mvc.Infrastructure.ResourceInvoker.<InvokeAsync>g__Awaited|17_0(ResourceInvoker invoker, Task task, IDisposable scope)
   at Microsoft.AspNetCore.Authorization.AuthorizationMiddleware.Invoke(HttpContext context)
   at Customer_Service.Middleware.ExceptionMiddleware.Invoke(HttpContext context) in C:\LoanApplication-Backend (2)\LoanApplication-Backend\Customer Service\Customer Service\Middleware\ExceptionMiddleware.cs:line 25
2026-02-26 16:35:45 [INF] [Development] [TraceId:] HTTP POST /api/Customer responded 404 in 51393.0420 ms
2026-02-26 16:50:38 [ERR] [Development] [TraceId:] User not found
Customer.Application.Exceptions.NotFoundException: User not found
   at Customer.Application.Dto.User.UserClient.GetByEmail(String Email) in C:\LoanApplication-Backend (2)\LoanApplication-Backend\Customer Service\Costomer.Application\Dto\User\UserClient.cs:line 28
   at Customer.Application.Services.CustomerService.AddCustomerAsync(CustomerDto dto) in C:\LoanApplication-Backend (2)\LoanApplication-Backend\Customer Service\Costomer.Application\Services\CustomerService.cs:line 31
   at Customer_Service.Controllers.CustomerController.AddCustomer(CustomerDto dto) in C:\LoanApplication-Backend (2)\LoanApplication-Backend\Customer Service\Customer Service\Controllers\CustomerController.cs:line 22
   at Microsoft.AspNetCore.Mvc.Infrastructure.ActionMethodExecutor.TaskOfIActionResultExecutor.Execute(ActionContext actionContext, IActionResultTypeMapper mapper, ObjectMethodExecutor executor, Object controller, Object[] arguments)
   at Microsoft.AspNetCore.Mvc.Infrastructure.ControllerActionInvoker.<InvokeActionMethodAsync>g__Awaited|12_0(ControllerActionInvoker invoker, ValueTask`1 actionResultValueTask)
   at Microsoft.AspNetCore.Mvc.Infrastructure.ControllerActionInvoker.<InvokeNextActionFilterAsync>g__Awaited|10_0(ControllerActionInvoker invoker, Task lastTask, State next, Scope scope, Object state, Boolean isCompleted)
   at Microsoft.AspNetCore.Mvc.Infrastructure.ControllerActionInvoker.Rethrow(ActionExecutedContextSealed context)
   at Microsoft.AspNetCore.Mvc.Infrastructure.ControllerActionInvoker.Next(State& next, Scope& scope, Object& state, Boolean& isCompleted)
   at Microsoft.AspNetCore.Mvc.Infrastructure.ControllerActionInvoker.<InvokeInnerFilterAsync>g__Awaited|13_0(ControllerActionInvoker invoker, Task lastTask, State next, Scope scope, Object state, Boolean isCompleted)
   at Microsoft.AspNetCore.Mvc.Infrastructure.ResourceInvoker.<InvokeFilterPipelineAsync>g__Awaited|20_0(ResourceInvoker invoker, Task lastTask, State next, Scope scope, Object state, Boolean isCompleted)
   at Microsoft.AspNetCore.Mvc.Infrastructure.ResourceInvoker.<InvokeAsync>g__Awaited|17_0(ResourceInvoker invoker, Task task, IDisposable scope)
   at Microsoft.AspNetCore.Mvc.Infrastructure.ResourceInvoker.<InvokeAsync>g__Awaited|17_0(ResourceInvoker invoker, Task task, IDisposable scope)
   at Microsoft.AspNetCore.Authorization.AuthorizationMiddleware.Invoke(HttpContext context)
   at Customer_Service.Middleware.ExceptionMiddleware.Invoke(HttpContext context) in C:\LoanApplication-Backend (2)\LoanApplication-Backend\Customer Service\Customer Service\Middleware\ExceptionMiddleware.cs:line 25
2026-02-26 16:50:38 [INF] [Development] [TraceId:] HTTP POST /api/Customer responded 404 in 5148.8763 ms
2026-02-26 16:59:23 [INF] [Development] [TraceId:] HTTP POST /api/Customer responded 200 in 17321.6013 ms
2026-02-26 17:00:44 [INF] [Development] [TraceId:] HTTP POST /api/Customer responded 200 in 2519.1729 ms
2026-02-26 17:01:33 [INF] [Development] [TraceId:] HTTP POST /api/Customer responded 200 in 2595.0819 ms
